<?xml version="1.0" encoding="UTF-8"?>
<!-- Generated by org.testng.reporters.JUnitXMLReporter -->
<testsuite hostname="CPX-8FA54U0ZFDB" ignored="0" name="Test- Pixel-Android 8" tests="2" failures="0" timestamp="03 May 2019 22:04:36 GMT" time="214.468" errors="0">
  <testcase name="feature" time="15.203" classname="tests.cucumber.tests.RunCucumberFeatures"/>
  <testcase name="feature" time="118.199" classname="tests.cucumber.tests.RunCucumberFeatures"/>
</testsuite> <!-- Test- Pixel-Android 8 -->
