<?xml version="1.0" encoding="UTF-8"?>
<!-- Generated by org.testng.reporters.JUnitXMLReporter -->
<testsuite hostname="CPX-8FA54U0ZFDB" ignored="0" name="Test- Nexus-Android 9" tests="2" failures="0" timestamp="05 May 2019 19:49:46 GMT" time="167.5" errors="0">
  <testcase name="feature" time="18.801" classname="tests.cucumber.tests.RunCucumberFeatures"/>
  <testcase name="feature" time="76.988" classname="tests.cucumber.tests.RunCucumberFeatures"/>
</testsuite> <!-- Test- Nexus-Android 9 -->
