<?xml version="1.0" encoding="UTF-8"?>
<!-- Generated by org.testng.reporters.JUnitXMLReporter -->
<testsuite hostname="CPX-8FA54U0ZFDB" ignored="0" name="Test- Pixel-Android 8" tests="2" failures="0" timestamp="05 May 2019 19:50:03 GMT" time="184.787" errors="0">
  <testcase name="feature" time="20.036" classname="tests.cucumber.tests.RunCucumberFeatures"/>
  <testcase name="feature" time="72.291" classname="tests.cucumber.tests.RunCucumberFeatures"/>
</testsuite> <!-- Test- Pixel-Android 8 -->
