<?xml version="1.0" encoding="UTF-8"?>
<!-- Generated by org.testng.reporters.JUnitXMLReporter -->
<testsuite hostname="CPX-8FA54U0ZFDB" ignored="0" name="Test- Nexus-Android 9" tests="2" failures="0" timestamp="03 May 2019 22:04:07 GMT" time="185.164" errors="0">
  <testcase name="feature" time="15.695" classname="tests.cucumber.tests.RunCucumberFeatures"/>
  <testcase name="feature" time="122.149" classname="tests.cucumber.tests.RunCucumberFeatures"/>
</testsuite> <!-- Test- Nexus-Android 9 -->
