<?xml version="1.0" encoding="UTF-8"?>
<!-- Generated by org.testng.reporters.JUnitXMLReporter -->
<testsuite hostname="CPX-8FA54U0ZFDB" ignored="0" name="Test- Nexus-Android 9" tests="2" failures="0" timestamp="05 May 2019 20:18:58 GMT" time="282.597" errors="0">
  <testcase name="feature" time="38.699" classname="tests.cucumber.tests.RunCucumberFeatures"/>
  <testcase name="feature" time="84.837" classname="tests.cucumber.tests.RunCucumberFeatures"/>
</testsuite> <!-- Test- Nexus-Android 9 -->
