<?xml version="1.0" encoding="UTF-8"?>
<!-- Generated by org.testng.reporters.JUnitXMLReporter -->
<testsuite hostname="CPX-8FA54U0ZFDB" ignored="0" name="Test- Pixel-Android 8" tests="2" failures="0" timestamp="05 May 2019 20:19:13 GMT" time="297.814" errors="0">
  <testcase name="feature" time="28.964" classname="tests.cucumber.tests.RunCucumberFeatures"/>
  <testcase name="feature" time="74.892" classname="tests.cucumber.tests.RunCucumberFeatures"/>
</testsuite> <!-- Test- Pixel-Android 8 -->
