<?xml version="1.0" encoding="UTF-8"?>
<!-- Generated by org.testng.reporters.JUnitReportReporter -->
<testsuite skipped="0" hostname="CPX-8FA54U0ZFDB" name="tests.cucumber.tests.RunCucumberFeatures" tests="4" failures="0" timestamp="03 May 2019 22:04:36 GMT" time="398.475" errors="0">
  <testcase name="feature" time="41.112" classname="tests.cucumber.tests.RunCucumberFeatures"/>
  <testcase name="feature" time="172.804" classname="tests.cucumber.tests.RunCucumberFeatures"/>
  <testcase name="feature" time="37.337" classname="tests.cucumber.tests.RunCucumberFeatures"/>
  <testcase name="feature" time="147.222" classname="tests.cucumber.tests.RunCucumberFeatures"/>
</testsuite> <!-- tests.cucumber.tests.RunCucumberFeatures -->
