<?xml version="1.0" encoding="UTF-8"?>
<!-- Generated by org.testng.reporters.JUnitReportReporter -->
<testsuite skipped="0" hostname="CPX-8FA54U0ZFDB" name="tests.cucumber.tests.RunCucumberFeatures" tests="6" failures="0" timestamp="05 May 2019 19:50:05 GMT" time="434.251" errors="0">
  <testcase name="feature" time="118.004" classname="tests.cucumber.tests.RunCucumberFeatures"/>
  <testcase name="feature" time="73.367" classname="tests.cucumber.tests.RunCucumberFeatures"/>
  <testcase name="feature" time="17.849" classname="tests.cucumber.tests.RunCucumberFeatures"/>
  <testcase name="feature" time="49.267" classname="tests.cucumber.tests.RunCucumberFeatures"/>
  <testcase name="feature" time="64.478" classname="tests.cucumber.tests.RunCucumberFeatures"/>
  <testcase name="feature" time="111.286" classname="tests.cucumber.tests.RunCucumberFeatures"/>
</testsuite> <!-- tests.cucumber.tests.RunCucumberFeatures -->
