<?xml version="1.0" encoding="UTF-8"?>
<!-- Generated by org.testng.reporters.JUnitReportReporter -->
<testsuite skipped="0" hostname="CPX-8FA54U0ZFDB" name="tests.cucumber.tests.RunCucumberFeatures" tests="6" failures="0" timestamp="06 May 2019 20:17:39 GMT" time="462.924" errors="0">
  <testcase name="feature" time="122.284" classname="tests.cucumber.tests.RunCucumberFeatures"/>
  <testcase name="feature" time="127.673" classname="tests.cucumber.tests.RunCucumberFeatures"/>
  <testcase name="feature" time="50.774" classname="tests.cucumber.tests.RunCucumberFeatures"/>
  <testcase name="feature" time="20.490" classname="tests.cucumber.tests.RunCucumberFeatures"/>
  <testcase name="feature" time="67.438" classname="tests.cucumber.tests.RunCucumberFeatures"/>
  <testcase name="feature" time="74.265" classname="tests.cucumber.tests.RunCucumberFeatures"/>
</testsuite> <!-- tests.cucumber.tests.RunCucumberFeatures -->
